c:\users\user\documents\visual studio 2015\projects\mathgen\mathgen\release\vc140.pdb
c:\users\user\documents\visual studio 2015\projects\mathgen\mathgen\release\main.obj
c:\users\user\documents\visual studio 2015\projects\mathgen\mathgen\release\input.obj
c:\users\user\documents\visual studio 2015\projects\mathgen\mathgen\release\core.obj
c:\users\user\documents\visual studio 2015\projects\mathgen\mathgen\release\common_functions.obj
c:\users\user\documents\visual studio 2015\projects\mathgen\mathgen\release\tester.obj
c:\users\user\documents\visual studio 2015\projects\mathgen\mathgen\release\expression.obj
c:\users\user\documents\visual studio 2015\projects\mathgen\mathgen\release\template.obj
c:\users\user\documents\visual studio 2015\projects\mathgen\mathgen\release\line_edit.obj
c:\users\user\documents\visual studio 2015\projects\mathgen\mathgen\release\menu.obj
c:\users\user\documents\visual studio 2015\projects\mathgen\release\mathgen.lib
c:\users\user\documents\visual studio 2015\projects\mathgen\release\mathgen.exp
c:\users\user\documents\visual studio 2015\projects\mathgen\release\mathgen.pdb
c:\users\user\documents\visual studio 2015\projects\mathgen\mathgen\release\mathgen.tlog\cl.command.1.tlog
c:\users\user\documents\visual studio 2015\projects\mathgen\mathgen\release\mathgen.tlog\cl.read.1.tlog
c:\users\user\documents\visual studio 2015\projects\mathgen\mathgen\release\mathgen.tlog\cl.write.1.tlog
c:\users\user\documents\visual studio 2015\projects\mathgen\mathgen\release\mathgen.tlog\link.command.1.tlog
c:\users\user\documents\visual studio 2015\projects\mathgen\mathgen\release\mathgen.tlog\link.read.1.tlog
c:\users\user\documents\visual studio 2015\projects\mathgen\mathgen\release\mathgen.tlog\link.write.1.tlog
c:\users\user\documents\visual studio 2015\projects\mathgen\mathgen\release\mathgen.tlog\mathgen.write.1u.tlog
